mode: atomic
github.com/swcstudio/terraform-provider-hashicorp-ovh/main.go:17.13,30.16 6 0
github.com/swcstudio/terraform-provider-hashicorp-ovh/main.go:30.16,32.3 1 0
github.com/swcstudio/terraform-provider-hashicorp-ovh/internal/provider/data_source_boundary_clusters.go:13.52,102.2 1 0
github.com/swcstudio/terraform-provider-hashicorp-ovh/internal/provider/data_source_boundary_clusters.go:104.117,110.16 5 0
github.com/swcstudio/terraform-provider-hashicorp-ovh/internal/provider/data_source_boundary_clusters.go:110.16,112.3 1 0
github.com/swcstudio/terraform-provider-hashicorp-ovh/internal/provider/data_source_boundary_clusters.go:114.2,118.35 4 0
github.com/swcstudio/terraform-provider-hashicorp-ovh/internal/provider/data_source_boundary_clusters.go:118.35,119.59 1 0
github.com/swcstudio/terraform-provider-hashicorp-ovh/internal/provider/data_source_boundary_clusters.go:119.59,120.12 1 0
github.com/swcstudio/terraform-provider-hashicorp-ovh/internal/provider/data_source_boundary_clusters.go:122.3,122.59 1 0
github.com/swcstudio/terraform-provider-hashicorp-ovh/internal/provider/data_source_boundary_clusters.go:122.59,123.12 1 0
github.com/swcstudio/terraform-provider-hashicorp-ovh/internal/provider/data_source_boundary_clusters.go:125.3,125.55 1 0
github.com/swcstudio/terraform-provider-hashicorp-ovh/internal/provider/data_source_boundary_clusters.go:128.2,129.43 2 0
github.com/swcstudio/terraform-provider-hashicorp-ovh/internal/provider/data_source_boundary_clusters.go:129.43,143.63 2 0
github.com/swcstudio/terraform-provider-hashicorp-ovh/internal/provider/data_source_boundary_clusters.go:143.63,145.4 1 0
github.com/swcstudio/terraform-provider-hashicorp-ovh/internal/provider/data_source_boundary_clusters.go:147.3,147.30 1 0
github.com/swcstudio/terraform-provider-hashicorp-ovh/internal/provider/data_source_boundary_clusters.go:150.2,153.14 3 0
github.com/swcstudio/terraform-provider-hashicorp-ovh/internal/provider/data_source_consul_clusters.go:13.50,117.2 1 0
github.com/swcstudio/terraform-provider-hashicorp-ovh/internal/provider/data_source_consul_clusters.go:119.115,125.16 5 0
github.com/swcstudio/terraform-provider-hashicorp-ovh/internal/provider/data_source_consul_clusters.go:125.16,127.3 1 0
github.com/swcstudio/terraform-provider-hashicorp-ovh/internal/provider/data_source_consul_clusters.go:129.2,134.35 5 0
github.com/swcstudio/terraform-provider-hashicorp-ovh/internal/provider/data_source_consul_clusters.go:134.35,135.59 1 0
github.com/swcstudio/terraform-provider-hashicorp-ovh/internal/provider/data_source_consul_clusters.go:135.59,136.12 1 0
github.com/swcstudio/terraform-provider-hashicorp-ovh/internal/provider/data_source_consul_clusters.go:138.3,138.71 1 0
github.com/swcstudio/terraform-provider-hashicorp-ovh/internal/provider/data_source_consul_clusters.go:138.71,139.12 1 0
github.com/swcstudio/terraform-provider-hashicorp-ovh/internal/provider/data_source_consul_clusters.go:141.3,141.59 1 0
github.com/swcstudio/terraform-provider-hashicorp-ovh/internal/provider/data_source_consul_clusters.go:141.59,142.12 1 0
github.com/swcstudio/terraform-provider-hashicorp-ovh/internal/provider/data_source_consul_clusters.go:144.3,144.55 1 0
github.com/swcstudio/terraform-provider-hashicorp-ovh/internal/provider/data_source_consul_clusters.go:147.2,148.43 2 0
github.com/swcstudio/terraform-provider-hashicorp-ovh/internal/provider/data_source_consul_clusters.go:148.43,164.63 2 0
github.com/swcstudio/terraform-provider-hashicorp-ovh/internal/provider/data_source_consul_clusters.go:164.63,166.4 1 0
github.com/swcstudio/terraform-provider-hashicorp-ovh/internal/provider/data_source_consul_clusters.go:168.3,168.30 1 0
github.com/swcstudio/terraform-provider-hashicorp-ovh/internal/provider/data_source_consul_clusters.go:171.2,174.14 3 0
github.com/swcstudio/terraform-provider-hashicorp-ovh/internal/provider/data_source_nomad_clusters.go:13.49,117.2 1 0
github.com/swcstudio/terraform-provider-hashicorp-ovh/internal/provider/data_source_nomad_clusters.go:119.114,125.16 5 0
github.com/swcstudio/terraform-provider-hashicorp-ovh/internal/provider/data_source_nomad_clusters.go:125.16,127.3 1 0
github.com/swcstudio/terraform-provider-hashicorp-ovh/internal/provider/data_source_nomad_clusters.go:129.2,133.35 4 0
github.com/swcstudio/terraform-provider-hashicorp-ovh/internal/provider/data_source_nomad_clusters.go:133.35,134.59 1 0
github.com/swcstudio/terraform-provider-hashicorp-ovh/internal/provider/data_source_nomad_clusters.go:134.59,135.12 1 0
github.com/swcstudio/terraform-provider-hashicorp-ovh/internal/provider/data_source_nomad_clusters.go:137.3,137.59 1 0
github.com/swcstudio/terraform-provider-hashicorp-ovh/internal/provider/data_source_nomad_clusters.go:137.59,138.12 1 0
github.com/swcstudio/terraform-provider-hashicorp-ovh/internal/provider/data_source_nomad_clusters.go:140.3,140.55 1 0
github.com/swcstudio/terraform-provider-hashicorp-ovh/internal/provider/data_source_nomad_clusters.go:143.2,144.43 2 0
github.com/swcstudio/terraform-provider-hashicorp-ovh/internal/provider/data_source_nomad_clusters.go:144.43,161.63 2 0
github.com/swcstudio/terraform-provider-hashicorp-ovh/internal/provider/data_source_nomad_clusters.go:161.63,163.4 1 0
github.com/swcstudio/terraform-provider-hashicorp-ovh/internal/provider/data_source_nomad_clusters.go:165.3,165.30 1 0
github.com/swcstudio/terraform-provider-hashicorp-ovh/internal/provider/data_source_nomad_clusters.go:168.2,171.14 3 0
github.com/swcstudio/terraform-provider-hashicorp-ovh/internal/provider/data_source_vault_clusters.go:13.49,104.2 1 0
github.com/swcstudio/terraform-provider-hashicorp-ovh/internal/provider/data_source_vault_clusters.go:106.114,112.16 5 0
github.com/swcstudio/terraform-provider-hashicorp-ovh/internal/provider/data_source_vault_clusters.go:112.16,114.3 1 0
github.com/swcstudio/terraform-provider-hashicorp-ovh/internal/provider/data_source_vault_clusters.go:116.2,120.35 4 0
github.com/swcstudio/terraform-provider-hashicorp-ovh/internal/provider/data_source_vault_clusters.go:120.35,121.59 1 0
github.com/swcstudio/terraform-provider-hashicorp-ovh/internal/provider/data_source_vault_clusters.go:121.59,122.12 1 0
github.com/swcstudio/terraform-provider-hashicorp-ovh/internal/provider/data_source_vault_clusters.go:124.3,124.59 1 0
github.com/swcstudio/terraform-provider-hashicorp-ovh/internal/provider/data_source_vault_clusters.go:124.59,125.12 1 0
github.com/swcstudio/terraform-provider-hashicorp-ovh/internal/provider/data_source_vault_clusters.go:127.3,127.55 1 0
github.com/swcstudio/terraform-provider-hashicorp-ovh/internal/provider/data_source_vault_clusters.go:130.2,131.43 2 0
github.com/swcstudio/terraform-provider-hashicorp-ovh/internal/provider/data_source_vault_clusters.go:131.43,146.63 2 0
github.com/swcstudio/terraform-provider-hashicorp-ovh/internal/provider/data_source_vault_clusters.go:146.63,148.4 1 0
github.com/swcstudio/terraform-provider-hashicorp-ovh/internal/provider/data_source_vault_clusters.go:150.3,150.30 1 0
github.com/swcstudio/terraform-provider-hashicorp-ovh/internal/provider/data_source_vault_clusters.go:153.2,156.14 3 0
github.com/swcstudio/terraform-provider-hashicorp-ovh/internal/provider/provider.go:31.51,32.34 1 14
github.com/swcstudio/terraform-provider-hashicorp-ovh/internal/provider/provider.go:32.34,36.3 1 14
github.com/swcstudio/terraform-provider-hashicorp-ovh/internal/provider/provider.go:39.125,42.2 2 15
github.com/swcstudio/terraform-provider-hashicorp-ovh/internal/provider/provider.go:44.119,67.2 1 1
github.com/swcstudio/terraform-provider-hashicorp-ovh/internal/provider/provider.go:69.128,75.33 5 0
github.com/swcstudio/terraform-provider-hashicorp-ovh/internal/provider/provider.go:75.33,77.3 1 0
github.com/swcstudio/terraform-provider-hashicorp-ovh/internal/provider/provider.go:79.2,80.34 2 0
github.com/swcstudio/terraform-provider-hashicorp-ovh/internal/provider/provider.go:80.34,82.3 1 0
github.com/swcstudio/terraform-provider-hashicorp-ovh/internal/provider/provider.go:84.2,85.40 2 0
github.com/swcstudio/terraform-provider-hashicorp-ovh/internal/provider/provider.go:85.40,87.3 1 0
github.com/swcstudio/terraform-provider-hashicorp-ovh/internal/provider/provider.go:89.2,90.43 2 0
github.com/swcstudio/terraform-provider-hashicorp-ovh/internal/provider/provider.go:90.43,92.3 1 0
github.com/swcstudio/terraform-provider-hashicorp-ovh/internal/provider/provider.go:94.2,95.37 2 0
github.com/swcstudio/terraform-provider-hashicorp-ovh/internal/provider/provider.go:95.37,97.3 1 0
github.com/swcstudio/terraform-provider-hashicorp-ovh/internal/provider/provider.go:99.2,99.23 1 0
github.com/swcstudio/terraform-provider-hashicorp-ovh/internal/provider/provider.go:99.23,106.3 1 0
github.com/swcstudio/terraform-provider-hashicorp-ovh/internal/provider/provider.go:108.2,108.29 1 0
github.com/swcstudio/terraform-provider-hashicorp-ovh/internal/provider/provider.go:108.29,115.3 1 0
github.com/swcstudio/terraform-provider-hashicorp-ovh/internal/provider/provider.go:117.2,117.32 1 0
github.com/swcstudio/terraform-provider-hashicorp-ovh/internal/provider/provider.go:117.32,124.3 1 0
github.com/swcstudio/terraform-provider-hashicorp-ovh/internal/provider/provider.go:126.2,126.26 1 0
github.com/swcstudio/terraform-provider-hashicorp-ovh/internal/provider/provider.go:126.26,133.3 1 0
github.com/swcstudio/terraform-provider-hashicorp-ovh/internal/provider/provider.go:135.2,135.33 1 0
github.com/swcstudio/terraform-provider-hashicorp-ovh/internal/provider/provider.go:135.33,137.3 1 0
github.com/swcstudio/terraform-provider-hashicorp-ovh/internal/provider/provider.go:139.2,152.16 7 0
github.com/swcstudio/terraform-provider-hashicorp-ovh/internal/provider/provider.go:152.16,160.3 2 0
github.com/swcstudio/terraform-provider-hashicorp-ovh/internal/provider/provider.go:162.2,169.87 4 0
github.com/swcstudio/terraform-provider-hashicorp-ovh/internal/provider/provider.go:172.90,174.2 1 1
github.com/swcstudio/terraform-provider-hashicorp-ovh/internal/provider/provider.go:176.96,178.2 1 1
github.com/swcstudio/terraform-provider-hashicorp-ovh/internal/provider/resource_boundary_cluster.go:12.49,133.2 1 0
github.com/swcstudio/terraform-provider-hashicorp-ovh/internal/provider/resource_boundary_cluster.go:135.116,157.16 6 0
github.com/swcstudio/terraform-provider-hashicorp-ovh/internal/provider/resource_boundary_cluster.go:157.16,159.3 1 0
github.com/swcstudio/terraform-provider-hashicorp-ovh/internal/provider/resource_boundary_cluster.go:161.2,164.50 3 0
github.com/swcstudio/terraform-provider-hashicorp-ovh/internal/provider/resource_boundary_cluster.go:167.114,175.16 6 0
github.com/swcstudio/terraform-provider-hashicorp-ovh/internal/provider/resource_boundary_cluster.go:175.16,178.3 2 0
github.com/swcstudio/terraform-provider-hashicorp-ovh/internal/provider/resource_boundary_cluster.go:180.2,197.62 17 0
github.com/swcstudio/terraform-provider-hashicorp-ovh/internal/provider/resource_boundary_cluster.go:197.62,199.3 1 0
github.com/swcstudio/terraform-provider-hashicorp-ovh/internal/provider/resource_boundary_cluster.go:201.2,201.12 1 0
github.com/swcstudio/terraform-provider-hashicorp-ovh/internal/provider/resource_boundary_cluster.go:204.116,210.62 4 0
github.com/swcstudio/terraform-provider-hashicorp-ovh/internal/provider/resource_boundary_cluster.go:210.62,213.38 2 0
github.com/swcstudio/terraform-provider-hashicorp-ovh/internal/provider/resource_boundary_cluster.go:213.38,215.4 1 0
github.com/swcstudio/terraform-provider-hashicorp-ovh/internal/provider/resource_boundary_cluster.go:216.3,216.34 1 0
github.com/swcstudio/terraform-provider-hashicorp-ovh/internal/provider/resource_boundary_cluster.go:216.34,218.4 1 0
github.com/swcstudio/terraform-provider-hashicorp-ovh/internal/provider/resource_boundary_cluster.go:219.3,219.26 1 0
github.com/swcstudio/terraform-provider-hashicorp-ovh/internal/provider/resource_boundary_cluster.go:219.26,221.4 1 0
github.com/swcstudio/terraform-provider-hashicorp-ovh/internal/provider/resource_boundary_cluster.go:223.3,224.17 2 0
github.com/swcstudio/terraform-provider-hashicorp-ovh/internal/provider/resource_boundary_cluster.go:224.17,226.4 1 0
github.com/swcstudio/terraform-provider-hashicorp-ovh/internal/provider/resource_boundary_cluster.go:229.2,229.50 1 0
github.com/swcstudio/terraform-provider-hashicorp-ovh/internal/provider/resource_boundary_cluster.go:232.116,239.16 5 0
github.com/swcstudio/terraform-provider-hashicorp-ovh/internal/provider/resource_boundary_cluster.go:239.16,241.3 1 0
github.com/swcstudio/terraform-provider-hashicorp-ovh/internal/provider/resource_boundary_cluster.go:243.2,244.12 2 0
github.com/swcstudio/terraform-provider-hashicorp-ovh/internal/provider/resource_consul_cluster.go:12.47,149.2 1 0
github.com/swcstudio/terraform-provider-hashicorp-ovh/internal/provider/resource_consul_cluster.go:151.114,175.16 6 0
github.com/swcstudio/terraform-provider-hashicorp-ovh/internal/provider/resource_consul_cluster.go:175.16,177.3 1 0
github.com/swcstudio/terraform-provider-hashicorp-ovh/internal/provider/resource_consul_cluster.go:179.2,182.48 3 0
github.com/swcstudio/terraform-provider-hashicorp-ovh/internal/provider/resource_consul_cluster.go:185.112,193.16 6 0
github.com/swcstudio/terraform-provider-hashicorp-ovh/internal/provider/resource_consul_cluster.go:193.16,196.3 2 0
github.com/swcstudio/terraform-provider-hashicorp-ovh/internal/provider/resource_consul_cluster.go:198.2,216.56 18 0
github.com/swcstudio/terraform-provider-hashicorp-ovh/internal/provider/resource_consul_cluster.go:216.56,218.3 1 0
github.com/swcstudio/terraform-provider-hashicorp-ovh/internal/provider/resource_consul_cluster.go:220.2,220.60 1 0
github.com/swcstudio/terraform-provider-hashicorp-ovh/internal/provider/resource_consul_cluster.go:220.60,222.3 1 0
github.com/swcstudio/terraform-provider-hashicorp-ovh/internal/provider/resource_consul_cluster.go:224.2,224.62 1 0
github.com/swcstudio/terraform-provider-hashicorp-ovh/internal/provider/resource_consul_cluster.go:224.62,226.3 1 0
github.com/swcstudio/terraform-provider-hashicorp-ovh/internal/provider/resource_consul_cluster.go:228.2,228.12 1 0
github.com/swcstudio/terraform-provider-hashicorp-ovh/internal/provider/resource_consul_cluster.go:231.114,237.58 4 0
github.com/swcstudio/terraform-provider-hashicorp-ovh/internal/provider/resource_consul_cluster.go:237.58,240.34 2 0
github.com/swcstudio/terraform-provider-hashicorp-ovh/internal/provider/resource_consul_cluster.go:240.34,242.4 1 0
github.com/swcstudio/terraform-provider-hashicorp-ovh/internal/provider/resource_consul_cluster.go:243.3,243.34 1 0
github.com/swcstudio/terraform-provider-hashicorp-ovh/internal/provider/resource_consul_cluster.go:243.34,245.4 1 0
github.com/swcstudio/terraform-provider-hashicorp-ovh/internal/provider/resource_consul_cluster.go:246.3,246.26 1 0
github.com/swcstudio/terraform-provider-hashicorp-ovh/internal/provider/resource_consul_cluster.go:246.26,248.4 1 0
github.com/swcstudio/terraform-provider-hashicorp-ovh/internal/provider/resource_consul_cluster.go:250.3,251.17 2 0
github.com/swcstudio/terraform-provider-hashicorp-ovh/internal/provider/resource_consul_cluster.go:251.17,253.4 1 0
github.com/swcstudio/terraform-provider-hashicorp-ovh/internal/provider/resource_consul_cluster.go:256.2,256.48 1 0
github.com/swcstudio/terraform-provider-hashicorp-ovh/internal/provider/resource_consul_cluster.go:259.114,266.16 5 0
github.com/swcstudio/terraform-provider-hashicorp-ovh/internal/provider/resource_consul_cluster.go:266.16,268.3 1 0
github.com/swcstudio/terraform-provider-hashicorp-ovh/internal/provider/resource_consul_cluster.go:270.2,271.12 2 0
github.com/swcstudio/terraform-provider-hashicorp-ovh/internal/provider/resource_nomad_cluster.go:13.46,143.2 1 0
github.com/swcstudio/terraform-provider-hashicorp-ovh/internal/provider/resource_nomad_cluster.go:145.113,175.16 12 0
github.com/swcstudio/terraform-provider-hashicorp-ovh/internal/provider/resource_nomad_cluster.go:175.16,177.3 1 0
github.com/swcstudio/terraform-provider-hashicorp-ovh/internal/provider/resource_nomad_cluster.go:179.2,182.68 3 0
github.com/swcstudio/terraform-provider-hashicorp-ovh/internal/provider/resource_nomad_cluster.go:182.68,184.3 1 0
github.com/swcstudio/terraform-provider-hashicorp-ovh/internal/provider/resource_nomad_cluster.go:186.2,186.47 1 0
github.com/swcstudio/terraform-provider-hashicorp-ovh/internal/provider/resource_nomad_cluster.go:189.111,197.16 6 0
github.com/swcstudio/terraform-provider-hashicorp-ovh/internal/provider/resource_nomad_cluster.go:197.16,200.3 2 0
github.com/swcstudio/terraform-provider-hashicorp-ovh/internal/provider/resource_nomad_cluster.go:202.2,220.62 18 0
github.com/swcstudio/terraform-provider-hashicorp-ovh/internal/provider/resource_nomad_cluster.go:220.62,222.3 1 0
github.com/swcstudio/terraform-provider-hashicorp-ovh/internal/provider/resource_nomad_cluster.go:224.2,224.12 1 0
github.com/swcstudio/terraform-provider-hashicorp-ovh/internal/provider/resource_nomad_cluster.go:227.113,233.58 4 0
github.com/swcstudio/terraform-provider-hashicorp-ovh/internal/provider/resource_nomad_cluster.go:233.58,236.34 2 0
github.com/swcstudio/terraform-provider-hashicorp-ovh/internal/provider/resource_nomad_cluster.go:236.34,238.4 1 0
github.com/swcstudio/terraform-provider-hashicorp-ovh/internal/provider/resource_nomad_cluster.go:239.3,239.34 1 0
github.com/swcstudio/terraform-provider-hashicorp-ovh/internal/provider/resource_nomad_cluster.go:239.34,241.4 1 0
github.com/swcstudio/terraform-provider-hashicorp-ovh/internal/provider/resource_nomad_cluster.go:242.3,242.26 1 0
github.com/swcstudio/terraform-provider-hashicorp-ovh/internal/provider/resource_nomad_cluster.go:242.26,244.4 1 0
github.com/swcstudio/terraform-provider-hashicorp-ovh/internal/provider/resource_nomad_cluster.go:246.3,247.17 2 0
github.com/swcstudio/terraform-provider-hashicorp-ovh/internal/provider/resource_nomad_cluster.go:247.17,249.4 1 0
github.com/swcstudio/terraform-provider-hashicorp-ovh/internal/provider/resource_nomad_cluster.go:251.3,251.69 1 0
github.com/swcstudio/terraform-provider-hashicorp-ovh/internal/provider/resource_nomad_cluster.go:251.69,253.4 1 0
github.com/swcstudio/terraform-provider-hashicorp-ovh/internal/provider/resource_nomad_cluster.go:256.2,256.47 1 0
github.com/swcstudio/terraform-provider-hashicorp-ovh/internal/provider/resource_nomad_cluster.go:259.113,266.16 5 0
github.com/swcstudio/terraform-provider-hashicorp-ovh/internal/provider/resource_nomad_cluster.go:266.16,268.3 1 0
github.com/swcstudio/terraform-provider-hashicorp-ovh/internal/provider/resource_nomad_cluster.go:270.2,271.12 2 0
github.com/swcstudio/terraform-provider-hashicorp-ovh/internal/provider/resource_nomad_cluster.go:274.87,279.6 4 0
github.com/swcstudio/terraform-provider-hashicorp-ovh/internal/provider/resource_nomad_cluster.go:279.6,280.10 1 0
github.com/swcstudio/terraform-provider-hashicorp-ovh/internal/provider/resource_nomad_cluster.go:281.18,282.64 1 0
github.com/swcstudio/terraform-provider-hashicorp-ovh/internal/provider/resource_nomad_cluster.go:283.19,286.18 3 0
github.com/swcstudio/terraform-provider-hashicorp-ovh/internal/provider/resource_nomad_cluster.go:286.18,287.13 1 0
github.com/swcstudio/terraform-provider-hashicorp-ovh/internal/provider/resource_nomad_cluster.go:290.4,290.73 1 0
github.com/swcstudio/terraform-provider-hashicorp-ovh/internal/provider/resource_nomad_cluster.go:290.73,292.5 1 0
github.com/swcstudio/terraform-provider-hashicorp-ovh/internal/provider/resource_nomad_cluster.go:293.21,294.20 1 0
github.com/swcstudio/terraform-provider-hashicorp-ovh/internal/provider/resource_packer_template.go:12.48,135.2 1 0
github.com/swcstudio/terraform-provider-hashicorp-ovh/internal/provider/resource_packer_template.go:137.115,159.16 6 0
github.com/swcstudio/terraform-provider-hashicorp-ovh/internal/provider/resource_packer_template.go:159.16,161.3 1 0
github.com/swcstudio/terraform-provider-hashicorp-ovh/internal/provider/resource_packer_template.go:163.2,166.49 3 0
github.com/swcstudio/terraform-provider-hashicorp-ovh/internal/provider/resource_packer_template.go:169.113,177.16 6 0
github.com/swcstudio/terraform-provider-hashicorp-ovh/internal/provider/resource_packer_template.go:177.16,180.3 2 0
github.com/swcstudio/terraform-provider-hashicorp-ovh/internal/provider/resource_packer_template.go:182.2,199.63 17 0
github.com/swcstudio/terraform-provider-hashicorp-ovh/internal/provider/resource_packer_template.go:199.63,201.3 1 0
github.com/swcstudio/terraform-provider-hashicorp-ovh/internal/provider/resource_packer_template.go:203.2,203.12 1 0
github.com/swcstudio/terraform-provider-hashicorp-ovh/internal/provider/resource_packer_template.go:206.115,212.133 4 0
github.com/swcstudio/terraform-provider-hashicorp-ovh/internal/provider/resource_packer_template.go:212.133,215.34 2 0
github.com/swcstudio/terraform-provider-hashicorp-ovh/internal/provider/resource_packer_template.go:215.34,217.4 1 0
github.com/swcstudio/terraform-provider-hashicorp-ovh/internal/provider/resource_packer_template.go:218.3,218.30 1 0
github.com/swcstudio/terraform-provider-hashicorp-ovh/internal/provider/resource_packer_template.go:218.30,220.4 1 0
github.com/swcstudio/terraform-provider-hashicorp-ovh/internal/provider/resource_packer_template.go:221.3,221.34 1 0
github.com/swcstudio/terraform-provider-hashicorp-ovh/internal/provider/resource_packer_template.go:221.34,223.4 1 0
github.com/swcstudio/terraform-provider-hashicorp-ovh/internal/provider/resource_packer_template.go:224.3,224.37 1 0
github.com/swcstudio/terraform-provider-hashicorp-ovh/internal/provider/resource_packer_template.go:224.37,226.4 1 0
github.com/swcstudio/terraform-provider-hashicorp-ovh/internal/provider/resource_packer_template.go:227.3,227.31 1 0
github.com/swcstudio/terraform-provider-hashicorp-ovh/internal/provider/resource_packer_template.go:227.31,229.4 1 0
github.com/swcstudio/terraform-provider-hashicorp-ovh/internal/provider/resource_packer_template.go:230.3,230.32 1 0
github.com/swcstudio/terraform-provider-hashicorp-ovh/internal/provider/resource_packer_template.go:230.32,232.4 1 0
github.com/swcstudio/terraform-provider-hashicorp-ovh/internal/provider/resource_packer_template.go:233.3,233.35 1 0
github.com/swcstudio/terraform-provider-hashicorp-ovh/internal/provider/resource_packer_template.go:233.35,235.4 1 0
github.com/swcstudio/terraform-provider-hashicorp-ovh/internal/provider/resource_packer_template.go:236.3,236.26 1 0
github.com/swcstudio/terraform-provider-hashicorp-ovh/internal/provider/resource_packer_template.go:236.26,238.4 1 0
github.com/swcstudio/terraform-provider-hashicorp-ovh/internal/provider/resource_packer_template.go:240.3,241.17 2 0
github.com/swcstudio/terraform-provider-hashicorp-ovh/internal/provider/resource_packer_template.go:241.17,243.4 1 0
github.com/swcstudio/terraform-provider-hashicorp-ovh/internal/provider/resource_packer_template.go:246.2,246.49 1 0
github.com/swcstudio/terraform-provider-hashicorp-ovh/internal/provider/resource_packer_template.go:249.115,256.16 5 0
github.com/swcstudio/terraform-provider-hashicorp-ovh/internal/provider/resource_packer_template.go:256.16,258.3 1 0
github.com/swcstudio/terraform-provider-hashicorp-ovh/internal/provider/resource_packer_template.go:260.2,261.12 2 0
github.com/swcstudio/terraform-provider-hashicorp-ovh/internal/provider/resource_vault_cluster.go:12.46,134.2 1 0
github.com/swcstudio/terraform-provider-hashicorp-ovh/internal/provider/resource_vault_cluster.go:136.113,157.16 6 0
github.com/swcstudio/terraform-provider-hashicorp-ovh/internal/provider/resource_vault_cluster.go:157.16,159.3 1 0
github.com/swcstudio/terraform-provider-hashicorp-ovh/internal/provider/resource_vault_cluster.go:161.2,164.47 3 0
github.com/swcstudio/terraform-provider-hashicorp-ovh/internal/provider/resource_vault_cluster.go:167.111,175.16 6 0
github.com/swcstudio/terraform-provider-hashicorp-ovh/internal/provider/resource_vault_cluster.go:175.16,178.3 2 0
github.com/swcstudio/terraform-provider-hashicorp-ovh/internal/provider/resource_vault_cluster.go:180.2,195.56 15 0
github.com/swcstudio/terraform-provider-hashicorp-ovh/internal/provider/resource_vault_cluster.go:195.56,197.3 1 0
github.com/swcstudio/terraform-provider-hashicorp-ovh/internal/provider/resource_vault_cluster.go:199.2,199.65 1 0
github.com/swcstudio/terraform-provider-hashicorp-ovh/internal/provider/resource_vault_cluster.go:199.65,201.3 1 0
github.com/swcstudio/terraform-provider-hashicorp-ovh/internal/provider/resource_vault_cluster.go:203.2,203.62 1 0
github.com/swcstudio/terraform-provider-hashicorp-ovh/internal/provider/resource_vault_cluster.go:203.62,205.3 1 0
github.com/swcstudio/terraform-provider-hashicorp-ovh/internal/provider/resource_vault_cluster.go:207.2,207.12 1 0
github.com/swcstudio/terraform-provider-hashicorp-ovh/internal/provider/resource_vault_cluster.go:210.113,216.40 4 0
github.com/swcstudio/terraform-provider-hashicorp-ovh/internal/provider/resource_vault_cluster.go:216.40,219.32 2 0
github.com/swcstudio/terraform-provider-hashicorp-ovh/internal/provider/resource_vault_cluster.go:219.32,221.4 1 0
github.com/swcstudio/terraform-provider-hashicorp-ovh/internal/provider/resource_vault_cluster.go:222.3,222.26 1 0
github.com/swcstudio/terraform-provider-hashicorp-ovh/internal/provider/resource_vault_cluster.go:222.26,224.4 1 0
github.com/swcstudio/terraform-provider-hashicorp-ovh/internal/provider/resource_vault_cluster.go:226.3,227.17 2 0
github.com/swcstudio/terraform-provider-hashicorp-ovh/internal/provider/resource_vault_cluster.go:227.17,229.4 1 0
github.com/swcstudio/terraform-provider-hashicorp-ovh/internal/provider/resource_vault_cluster.go:232.2,232.47 1 0
github.com/swcstudio/terraform-provider-hashicorp-ovh/internal/provider/resource_vault_cluster.go:235.113,242.16 5 0
github.com/swcstudio/terraform-provider-hashicorp-ovh/internal/provider/resource_vault_cluster.go:242.16,244.3 1 0
github.com/swcstudio/terraform-provider-hashicorp-ovh/internal/provider/resource_vault_cluster.go:246.2,247.12 2 0
github.com/swcstudio/terraform-provider-hashicorp-ovh/internal/provider/resource_waypoint_runner.go:12.48,114.2 1 0
github.com/swcstudio/terraform-provider-hashicorp-ovh/internal/provider/resource_waypoint_runner.go:116.115,135.16 6 0
github.com/swcstudio/terraform-provider-hashicorp-ovh/internal/provider/resource_waypoint_runner.go:135.16,137.3 1 0
github.com/swcstudio/terraform-provider-hashicorp-ovh/internal/provider/resource_waypoint_runner.go:139.2,142.49 3 0
github.com/swcstudio/terraform-provider-hashicorp-ovh/internal/provider/resource_waypoint_runner.go:145.113,153.16 6 0
github.com/swcstudio/terraform-provider-hashicorp-ovh/internal/provider/resource_waypoint_runner.go:153.16,156.3 2 0
github.com/swcstudio/terraform-provider-hashicorp-ovh/internal/provider/resource_waypoint_runner.go:158.2,172.61 14 0
github.com/swcstudio/terraform-provider-hashicorp-ovh/internal/provider/resource_waypoint_runner.go:172.61,174.3 1 0
github.com/swcstudio/terraform-provider-hashicorp-ovh/internal/provider/resource_waypoint_runner.go:176.2,176.12 1 0
github.com/swcstudio/terraform-provider-hashicorp-ovh/internal/provider/resource_waypoint_runner.go:179.115,185.38 4 0
github.com/swcstudio/terraform-provider-hashicorp-ovh/internal/provider/resource_waypoint_runner.go:185.38,188.30 2 0
github.com/swcstudio/terraform-provider-hashicorp-ovh/internal/provider/resource_waypoint_runner.go:188.30,190.4 1 0
github.com/swcstudio/terraform-provider-hashicorp-ovh/internal/provider/resource_waypoint_runner.go:191.3,191.26 1 0
github.com/swcstudio/terraform-provider-hashicorp-ovh/internal/provider/resource_waypoint_runner.go:191.26,193.4 1 0
github.com/swcstudio/terraform-provider-hashicorp-ovh/internal/provider/resource_waypoint_runner.go:195.3,196.17 2 0
github.com/swcstudio/terraform-provider-hashicorp-ovh/internal/provider/resource_waypoint_runner.go:196.17,198.4 1 0
github.com/swcstudio/terraform-provider-hashicorp-ovh/internal/provider/resource_waypoint_runner.go:201.2,201.49 1 0
github.com/swcstudio/terraform-provider-hashicorp-ovh/internal/provider/resource_waypoint_runner.go:204.115,211.16 5 0
github.com/swcstudio/terraform-provider-hashicorp-ovh/internal/provider/resource_waypoint_runner.go:211.16,213.3 1 0
github.com/swcstudio/terraform-provider-hashicorp-ovh/internal/provider/resource_waypoint_runner.go:215.2,216.12 2 0
github.com/swcstudio/terraform-provider-hashicorp-ovh/internal/provider/testing_utils.go:51.53,62.2 1 0
github.com/swcstudio/terraform-provider-hashicorp-ovh/internal/provider/testing_utils.go:65.61,68.2 2 0
github.com/swcstudio/terraform-provider-hashicorp-ovh/internal/provider/testing_utils.go:71.57,74.2 2 0
github.com/swcstudio/terraform-provider-hashicorp-ovh/internal/provider/testing_utils.go:77.62,80.2 2 0
github.com/swcstudio/terraform-provider-hashicorp-ovh/internal/provider/testing_utils.go:83.80,86.2 2 0
github.com/swcstudio/terraform-provider-hashicorp-ovh/internal/provider/testing_utils.go:89.39,93.2 3 0
github.com/swcstudio/terraform-provider-hashicorp-ovh/internal/provider/testing_utils.go:96.52,101.2 4 0
github.com/swcstudio/terraform-provider-hashicorp-ovh/internal/provider/testing_utils.go:104.36,105.27 1 0
github.com/swcstudio/terraform-provider-hashicorp-ovh/internal/provider/testing_utils.go:105.27,107.3 1 0
github.com/swcstudio/terraform-provider-hashicorp-ovh/internal/provider/testing_utils.go:108.2,108.33 1 0
github.com/swcstudio/terraform-provider-hashicorp-ovh/internal/provider/testing_utils.go:108.33,110.3 1 0
github.com/swcstudio/terraform-provider-hashicorp-ovh/internal/provider/testing_utils.go:111.2,111.25 1 0
github.com/swcstudio/terraform-provider-hashicorp-ovh/internal/provider/testing_utils.go:111.25,113.3 1 0
github.com/swcstudio/terraform-provider-hashicorp-ovh/internal/provider/testing_utils.go:114.2,114.30 1 0
github.com/swcstudio/terraform-provider-hashicorp-ovh/internal/provider/testing_utils.go:114.30,116.3 1 0
github.com/swcstudio/terraform-provider-hashicorp-ovh/internal/provider/testing_utils.go:117.2,117.28 1 0
github.com/swcstudio/terraform-provider-hashicorp-ovh/internal/provider/testing_utils.go:117.28,119.3 1 0
github.com/swcstudio/terraform-provider-hashicorp-ovh/internal/provider/testing_utils.go:123.63,124.33 1 0
github.com/swcstudio/terraform-provider-hashicorp-ovh/internal/provider/testing_utils.go:124.33,125.30 1 0
github.com/swcstudio/terraform-provider-hashicorp-ovh/internal/provider/testing_utils.go:125.30,127.4 1 0
github.com/swcstudio/terraform-provider-hashicorp-ovh/internal/provider/testing_utils.go:132.77,133.40 1 0
github.com/swcstudio/terraform-provider-hashicorp-ovh/internal/provider/testing_utils.go:133.40,135.10 2 0
github.com/swcstudio/terraform-provider-hashicorp-ovh/internal/provider/testing_utils.go:135.10,137.4 1 0
github.com/swcstudio/terraform-provider-hashicorp-ovh/internal/provider/testing_utils.go:139.3,139.26 1 0
github.com/swcstudio/terraform-provider-hashicorp-ovh/internal/provider/testing_utils.go:139.26,141.4 1 0
github.com/swcstudio/terraform-provider-hashicorp-ovh/internal/provider/testing_utils.go:143.3,143.13 1 0
github.com/swcstudio/terraform-provider-hashicorp-ovh/internal/provider/testing_utils.go:148.78,149.40 1 0
github.com/swcstudio/terraform-provider-hashicorp-ovh/internal/provider/testing_utils.go:149.40,150.47 1 0
github.com/swcstudio/terraform-provider-hashicorp-ovh/internal/provider/testing_utils.go:150.47,151.31 1 0
github.com/swcstudio/terraform-provider-hashicorp-ovh/internal/provider/testing_utils.go:151.31,152.13 1 0
github.com/swcstudio/terraform-provider-hashicorp-ovh/internal/provider/testing_utils.go:155.4,155.27 1 0
github.com/swcstudio/terraform-provider-hashicorp-ovh/internal/provider/testing_utils.go:155.27,157.5 1 0
github.com/swcstudio/terraform-provider-hashicorp-ovh/internal/provider/testing_utils.go:159.3,159.13 1 0
github.com/swcstudio/terraform-provider-hashicorp-ovh/internal/provider/testing_utils.go:164.81,165.40 1 0
github.com/swcstudio/terraform-provider-hashicorp-ovh/internal/provider/testing_utils.go:165.40,167.10 2 0
github.com/swcstudio/terraform-provider-hashicorp-ovh/internal/provider/testing_utils.go:167.10,169.4 1 0
github.com/swcstudio/terraform-provider-hashicorp-ovh/internal/provider/testing_utils.go:171.3,171.26 1 0
github.com/swcstudio/terraform-provider-hashicorp-ovh/internal/provider/testing_utils.go:171.26,173.4 1 0
github.com/swcstudio/terraform-provider-hashicorp-ovh/internal/provider/testing_utils.go:177.3,177.13 1 0
github.com/swcstudio/terraform-provider-hashicorp-ovh/internal/provider/testing_utils.go:182.87,184.2 1 0
github.com/swcstudio/terraform-provider-hashicorp-ovh/internal/provider/testing_utils.go:187.83,189.2 1 0
github.com/swcstudio/terraform-provider-hashicorp-ovh/internal/provider/testing_utils.go:192.109,194.2 1 0
github.com/swcstudio/terraform-provider-hashicorp-ovh/internal/provider/testing_utils.go:197.94,199.2 1 0
github.com/swcstudio/terraform-provider-hashicorp-ovh/internal/provider/testing_utils.go:202.107,203.40 1 0
github.com/swcstudio/terraform-provider-hashicorp-ovh/internal/provider/testing_utils.go:203.40,205.10 2 0
github.com/swcstudio/terraform-provider-hashicorp-ovh/internal/provider/testing_utils.go:205.10,207.4 1 0
github.com/swcstudio/terraform-provider-hashicorp-ovh/internal/provider/testing_utils.go:209.3,209.48 1 0
github.com/swcstudio/terraform-provider-hashicorp-ovh/internal/provider/testing_utils.go:209.48,212.11 3 0
github.com/swcstudio/terraform-provider-hashicorp-ovh/internal/provider/testing_utils.go:212.11,214.5 1 0
github.com/swcstudio/terraform-provider-hashicorp-ovh/internal/provider/testing_utils.go:215.4,215.36 1 0
github.com/swcstudio/terraform-provider-hashicorp-ovh/internal/provider/testing_utils.go:215.36,217.5 1 0
github.com/swcstudio/terraform-provider-hashicorp-ovh/internal/provider/testing_utils.go:220.3,220.13 1 0
github.com/swcstudio/terraform-provider-hashicorp-ovh/internal/provider/testing_utils.go:239.42,245.97 2 0
github.com/swcstudio/terraform-provider-hashicorp-ovh/internal/provider/testing_utils.go:245.97,248.30 2 0
github.com/swcstudio/terraform-provider-hashicorp-ovh/internal/provider/testing_utils.go:248.30,252.45 3 0
github.com/swcstudio/terraform-provider-hashicorp-ovh/internal/provider/testing_utils.go:252.45,254.5 1 0
github.com/swcstudio/terraform-provider-hashicorp-ovh/internal/provider/testing_utils.go:255.4,256.34 2 0
github.com/swcstudio/terraform-provider-hashicorp-ovh/internal/provider/testing_utils.go:257.9,260.4 2 0
github.com/swcstudio/terraform-provider-hashicorp-ovh/internal/provider/testing_utils.go:263.2,263.13 1 0
github.com/swcstudio/terraform-provider-hashicorp-ovh/internal/provider/testing_utils.go:267.94,268.20 1 0
github.com/swcstudio/terraform-provider-hashicorp-ovh/internal/provider/testing_utils.go:268.20,270.3 1 0
github.com/swcstudio/terraform-provider-hashicorp-ovh/internal/provider/testing_utils.go:271.2,277.4 2 0
github.com/swcstudio/terraform-provider-hashicorp-ovh/internal/provider/testing_utils.go:281.48,283.2 1 0
github.com/swcstudio/terraform-provider-hashicorp-ovh/internal/provider/testing_utils.go:286.57,287.26 1 0
github.com/swcstudio/terraform-provider-hashicorp-ovh/internal/provider/testing_utils.go:287.26,289.3 1 0
github.com/swcstudio/terraform-provider-hashicorp-ovh/internal/provider/testing_utils.go:290.2,290.38 1 0
github.com/swcstudio/terraform-provider-hashicorp-ovh/internal/provider/testing_utils.go:296.34,305.2 1 0
github.com/swcstudio/terraform-provider-hashicorp-ovh/internal/provider/testing_utils.go:308.49,323.2 1 0
github.com/swcstudio/terraform-provider-hashicorp-ovh/internal/provider/testing_utils.go:326.49,343.2 1 0
github.com/swcstudio/terraform-provider-hashicorp-ovh/internal/provider/testing_utils.go:346.50,363.2 1 0
github.com/swcstudio/terraform-provider-hashicorp-ovh/internal/provider/testing_utils.go:366.52,381.2 1 0
github.com/swcstudio/terraform-provider-hashicorp-ovh/internal/provider/testing_utils.go:384.51,399.2 1 0
github.com/swcstudio/terraform-provider-hashicorp-ovh/internal/provider/testing_utils.go:402.51,418.2 1 0
github.com/swcstudio/terraform-provider-hashicorp-ovh/internal/provider/testing_utils.go:421.49,427.2 1 0
github.com/swcstudio/terraform-provider-hashicorp-ovh/internal/provider/testing_utils.go:429.49,435.2 1 0
github.com/swcstudio/terraform-provider-hashicorp-ovh/internal/provider/testing_utils.go:437.50,443.2 1 0
github.com/swcstudio/terraform-provider-hashicorp-ovh/internal/provider/testing_utils.go:451.58,453.2 1 0
github.com/swcstudio/terraform-provider-hashicorp-ovh/internal/provider/testing_utils.go:456.69,457.37 1 0
github.com/swcstudio/terraform-provider-hashicorp-ovh/internal/provider/testing_utils.go:457.37,459.3 1 0
github.com/swcstudio/terraform-provider-hashicorp-ovh/internal/provider/testing_utils.go:461.2,462.16 2 0
github.com/swcstudio/terraform-provider-hashicorp-ovh/internal/provider/testing_utils.go:462.16,464.3 1 0
github.com/swcstudio/terraform-provider-hashicorp-ovh/internal/provider/testing_utils.go:465.2,465.14 1 0
github.com/swcstudio/terraform-provider-hashicorp-ovh/internal/provider/testing_utils.go:465.14,467.3 1 0
github.com/swcstudio/terraform-provider-hashicorp-ovh/internal/provider/testing_utils.go:469.2,469.12 1 0
github.com/swcstudio/terraform-provider-hashicorp-ovh/internal/provider/testing_utils.go:473.65,479.43 2 0
github.com/swcstudio/terraform-provider-hashicorp-ovh/internal/provider/testing_utils.go:479.43,480.28 1 0
github.com/swcstudio/terraform-provider-hashicorp-ovh/internal/provider/testing_utils.go:480.28,482.4 1 0
github.com/swcstudio/terraform-provider-hashicorp-ovh/internal/provider/testing_utils.go:485.2,485.49 1 0
github.com/swcstudio/terraform-provider-hashicorp-ovh/internal/provider/testing_utils.go:489.72,490.20 1 0
github.com/swcstudio/terraform-provider-hashicorp-ovh/internal/provider/testing_utils.go:490.20,492.3 1 0
github.com/swcstudio/terraform-provider-hashicorp-ovh/internal/provider/testing_utils.go:494.2,494.31 1 0
github.com/swcstudio/terraform-provider-hashicorp-ovh/internal/provider/testing_utils.go:494.31,495.38 1 0
github.com/swcstudio/terraform-provider-hashicorp-ovh/internal/provider/testing_utils.go:495.38,497.4 1 0
github.com/swcstudio/terraform-provider-hashicorp-ovh/internal/provider/testing_utils.go:498.3,498.23 1 0
github.com/swcstudio/terraform-provider-hashicorp-ovh/internal/provider/testing_utils.go:498.23,500.4 1 0
github.com/swcstudio/terraform-provider-hashicorp-ovh/internal/provider/testing_utils.go:501.3,501.71 1 0
github.com/swcstudio/terraform-provider-hashicorp-ovh/internal/provider/testing_utils.go:501.71,503.4 1 0
github.com/swcstudio/terraform-provider-hashicorp-ovh/internal/provider/testing_utils.go:506.2,506.12 1 0
github.com/swcstudio/terraform-provider-hashicorp-ovh/internal/provider/testing_utils.go:516.48,521.2 1 0
github.com/swcstudio/terraform-provider-hashicorp-ovh/internal/provider/testing_utils.go:524.55,526.2 1 0
github.com/swcstudio/terraform-provider-hashicorp-ovh/internal/provider/testing_utils.go:529.34,530.42 1 0
github.com/swcstudio/terraform-provider-hashicorp-ovh/internal/provider/testing_utils.go:530.42,533.3 1 0
github.com/swcstudio/terraform-provider-hashicorp-ovh/internal/provider/testing_utils.go:545.36,551.2 1 0
github.com/swcstudio/terraform-provider-hashicorp-ovh/internal/provider/testing_utils.go:554.40,556.2 1 0
github.com/swcstudio/terraform-provider-hashicorp-ovh/internal/provider/testing_utils.go:559.47,561.2 1 0
github.com/swcstudio/terraform-provider-hashicorp-ovh/internal/provider/testing_utils.go:564.33,566.2 1 0
github.com/swcstudio/terraform-provider-hashicorp-ovh/internal/provider/testing_utils.go:569.49,570.25 1 0
github.com/swcstudio/terraform-provider-hashicorp-ovh/internal/provider/testing_utils.go:570.25,572.3 1 0
github.com/swcstudio/terraform-provider-hashicorp-ovh/internal/provider/testing_utils.go:573.2,573.37 1 0
github.com/swcstudio/terraform-provider-hashicorp-ovh/internal/provider/testing_utils.go:577.41,580.2 1 0
github.com/swcstudio/terraform-provider-hashicorp-ovh/internal/provider/testing_utils.go:583.59,584.66 1 0
github.com/swcstudio/terraform-provider-hashicorp-ovh/internal/provider/testing_utils.go:584.66,586.3 1 0
github.com/swcstudio/terraform-provider-hashicorp-ovh/internal/provider/testing_utils.go:587.2,587.21 1 0
github.com/swcstudio/terraform-provider-hashicorp-ovh/internal/provider/testing_utils.go:591.42,592.31 1 0
github.com/swcstudio/terraform-provider-hashicorp-ovh/internal/provider/testing_utils.go:592.31,594.3 1 0
github.com/swcstudio/terraform-provider-hashicorp-ovh/internal/provider/testing_utils.go:598.50,599.33 1 0
github.com/swcstudio/terraform-provider-hashicorp-ovh/internal/provider/testing_utils.go:599.33,600.30 1 0
github.com/swcstudio/terraform-provider-hashicorp-ovh/internal/provider/testing_utils.go:600.30,602.4 1 0
github.com/swcstudio/terraform-provider-hashicorp-ovh/internal/provider/testing_utils.go:607.34,608.57 1 0
github.com/swcstudio/terraform-provider-hashicorp-ovh/internal/provider/testing_utils.go:608.57,609.56 1 0
github.com/swcstudio/terraform-provider-hashicorp-ovh/internal/provider/testing_utils.go:609.56,611.4 1 0
github.com/swcstudio/terraform-provider-hashicorp-ovh/internal/provider/testing_utils.go:613.2,613.27 1 0
